\o Program:		@(#)$CDS: libManager version 6.1.8 - CAT37 06/27/2019 20:50 (sjfhw027) $
\o Sub version:		sub-version  s043 
\o Arguments:		-mpssession virtuoso789 -mpshost ic-design.ini.uzh.ch 
\o Working Directory:	ic-design.ini.uzh.ch:/home/student14/lab1
\o 64-bit offsets
\o Qt version: 		5.9.1
\o Log file is "/home/student14/lab1/libManager.log".
\o Opening libManager window.
\a nrSetCurrentWindow(cdsLibManager)
\a nrResizeWindow(cdsLibManager list(589 132 602 491))
\o changeWorkingDir("/home/student14/lab1") unnecessary.
\o ddSetForcedLib("") unnecessary.
\o MPS service: map window
\o Library Manager customization server connected.
\a nrSetCurrentWindow(cdsLibManager)
\a cdsLibManager->FileNewLibButton->value = t
\a nrSetWindowVisibility(NewLibShell "show")
\a nrSetCurrentWindow(NewLibShell)
\a nrSetCurrentWindow(NewLibShell->subDialog)
\a nrResizeWindow(NewLibShell list(627 58 507 559))
\a NewLibShell->newLibNameText->value = "NE2"
\a nrDialogAccept(NewLibShell)
\a NewLibShell->newLibOKButton->value = t
\a nrSetWindowVisibility(workingDialogForm "show")
\a nrSetCurrentWindow(workingDialogForm)
\o Created new library "NE2" at /home/student14/lab1/NE2.
\a nrSetCurrentWindow(cdsLibManager)
\a nrResizeWindow(workingDialogForm list(747 234 266 133))
\a nrResizeWindow(NewLibShell list(627 21 507 559))
\a nrSetCurrentWindow(cdsLibManager)
\a nrSetCurrentWindow(cdsLibManager)
\a cdsLibManager->libListBox->value = "NE2"
\a cdsLibManager->libLineEdit->value = "NE2"
\a cdsLibManager->FileNewCVButton->value = t
\a nrSetCurrentWindow(cdsLibManager)
\a nrSetCurrentWindow(cdsLibManager)
\a nrSetCurrentWindow(cdsLibManager)
\a nrSetCurrentWindow(cdsLibManager)
\a nrResizeWindow(cdsLibManager list(785 27 602 491))
\a nrResizeWindow(cdsLibManager list(692 27 602 491))
\a nrResizeWindow(cdsLibManager list(676 27 602 491))
\a nrResizeWindow(cdsLibManager list(684 27 602 491))
\a nrResizeWindow(cdsLibManager list(692 27 602 491))
\a nrSetCurrentWindow(cdsLibManager)
\a nrResizeWindow(cdsLibManager list(692 27 984 491))
\a nrSetCurrentWindow(cdsLibManager)
\a nrResizeWindow(cdsLibManager list(692 27 984 484))
\a nrResizeWindow(cdsLibManager list(692 27 984 333))
\a nrSetCurrentWindow(cdsLibManager)
\a nrSetCurrentWindow(cdsLibManager)
\a nrResizeWindow(cdsLibManager list(681 27 995 333))
\a nrSetCurrentWindow(cdsLibManager)
\o MPS service: shutdown
\o libManager is exiting.
\a exit(0)
